<?xml version="1.0" encoding="UTF-8"?>
<!-- Generated by org.testng.reporters.JUnitReportReporter -->
<testsuite hostname="IT-CORES-24" failures="0" tests="1" name="Test1.apiRest" time="2.080" errors="0" timestamp="2024-08-15T16:41:32 EEST" skipped="0">
  <testcase classname="Test1.apiRest" name="validateAddItemSuccess" time="2.080"/>
  <system-out/>
</testsuite> <!-- Test1.apiRest -->
