<?xml version="1.0" encoding="UTF-8"?>
<!-- Generated by org.testng.reporters.JUnitReportReporter -->
<testsuite hostname="IT-CORES-24" failures="0" tests="1" name="Test1.httpRequest" time="1.977" errors="0" timestamp="2024-08-15T16:50:03 EEST" skipped="0">
  <testcase classname="Test1.httpRequest" name="validateAddItemSuccess" time="1.977"/>
  <system-out/>
</testsuite> <!-- Test1.httpRequest -->
