<?xml version="1.0" encoding="UTF-8"?>
<!-- Generated by org.testng.reporters.JUnitReportReporter -->
<testsuite hostname="IT-CORES-24" failures="0" tests="1" name="Test1.bookingPOST" time="0.673" errors="0" timestamp="2024-08-18T19:26:09 EEST" skipped="0">
  <testcase classname="Test1.bookingPOST" name="validateAddItemSuccess" time="0.673"/>
</testsuite> <!-- Test1.bookingPOST -->
