<?xml version="1.0" encoding="UTF-8"?>
<!-- Generated by org.testng.reporters.JUnitReportReporter -->
<testsuite hostname="IT-CORES-24" failures="0" tests="1" name="Test1.authPOST$TokenUsageTest" time="0.001" errors="0" timestamp="2024-08-15T19:09:35 EEST" skipped="0">
  <testcase classname="Test1.authPOST$TokenUsageTest" name="useToken" time="0.001"/>
</testsuite> <!-- Test1.authPOST$TokenUsageTest -->
