<?xml version="1.0" encoding="UTF-8"?>
<!-- Generated by org.testng.reporters.JUnitReportReporter -->
<testsuite hostname="IT-CORES-24" failures="0" tests="1" name="Test1.bookinGET" time="2.046" errors="0" timestamp="2024-08-15T18:26:14 EEST" skipped="0">
  <testcase classname="Test1.bookinGET" name="validateAddItemSuccess" time="2.046"/>
</testsuite> <!-- Test1.bookinGET -->
